  IndexBuffer.cpp
  macros.cpp
  main.cpp
C:\Program Files (x86)\Windows Kits\10\Include\10.0.22621.0\shared\minwindef.h(130,1): warning C4005: 'APIENTRY': macro redefinition
  (compiling source file 'src/main.cpp')
  C:\Users\Tuff\Documents\GitHub\programming\CPP\Projects\OpenGL\Dependencies\glfw\include\GLFW\glfw3.h(123,1):
  see previous definition of 'APIENTRY'
  
  Renderer.cpp
  Shader.cpp
  Test.cpp
C:\Users\Tuff\Documents\GitHub\programming\CPP\Projects\OpenGL\OpenGL\src\tests\Test.cpp(13,17): error C2084: function 'void test::TestMenu::OnImGUIRender(void)' already has a body
  C:\Users\Tuff\Documents\GitHub\programming\CPP\Projects\OpenGL\OpenGL\src\tests\Test.h(23,8):
  see previous definition of 'OnImGUIRender'
  
C:\Users\Tuff\Documents\GitHub\programming\CPP\Projects\OpenGL\OpenGL\src\tests\Test.cpp(15,42): warning C4390: ';': empty controlled statement found; is this the intent?
  glm.cpp
  imgui.cpp
  imgui_demo.cpp
  imgui_draw.cpp
  imgui_impl_glfw.cpp
  imgui_impl_opengl3.cpp
  imgui_tables.cpp
  imgui_widgets.cpp
  stb_image.cpp
  VertexBuffer.cpp
  VertexArray.cpp
C:\Users\Tuff\Documents\GitHub\programming\CPP\Projects\OpenGL\OpenGL\src\VertexArray.cpp(20,3): warning C4312: 'type cast': conversion from 'unsigned int' to 'const void *' of greater size
  Texture.cpp
  TestClearColor.cpp
